{
  "stats": {
    "suites": 1,
    "tests": 2,
    "passes": 2,
    "pending": 0,
    "failures": 0,
    "start": "2021-11-17T00:03:37.315Z",
    "end": "2021-11-17T00:03:40.139Z",
    "duration": 2824,
    "testsRegistered": 2,
    "passPercent": 100,
    "pendingPercent": 0,
    "other": 0,
    "hasOther": false,
    "skipped": 0,
    "hasSkipped": false
  },
  "results": [
    {
      "uuid": "5c1b347d-2525-41ef-9c21-0ceb78d3446d",
      "title": "",
      "fullFile": "cypress/integration/list.spec.js",
      "file": "cypress/integration/list.spec.js",
      "beforeHooks": [],
      "afterHooks": [],
      "tests": [],
      "suites": [
        {
          "uuid": "d2e97e99-1a38-4d70-b7c5-d9d1c3245a28",
          "title": "Listing",
          "fullFile": "",
          "file": "",
          "beforeHooks": [],
          "afterHooks": [],
          "tests": [
            {
              "title": "When there are no entries then the list must be empty",
              "fullTitle": "Listing When there are no entries then the list must be empty",
              "timedOut": null,
              "duration": 1237,
              "state": "passed",
              "speed": "fast",
              "pass": true,
              "fail": false,
              "pending": false,
              "context": null,
              "code": "cy.fixture('list-without-items').then(data => {\n  window.localStorage.setItem('data', JSON.stringify(data));\n});\ncy.visit('https://form-agilizei.netlify.app/listagem.html');\ncy.get('table tbody tr').should('have.length', 0);",
              "err": {},
              "uuid": "4c46ac9c-8312-4c1d-80f5-09005b131cb0",
              "parentUUID": "d2e97e99-1a38-4d70-b7c5-d9d1c3245a28",
              "isHook": false,
              "skipped": false
            },
            {
              "title": "When there are entries then the list should show the records",
              "fullTitle": "Listing When there are entries then the list should show the records",
              "timedOut": null,
              "duration": 223,
              "state": "passed",
              "speed": "fast",
              "pass": true,
              "fail": false,
              "pending": false,
              "context": null,
              "code": "cy.fixture('list-with-items').then(data => {\n  window.localStorage.setItem('data', JSON.stringify(data));\n});\ncy.visit('https://form-agilizei.netlify.app/listagem.html');\ncy.get('table tbody tr').should('have.length', 1);",
              "err": {},
              "uuid": "1d1bd3a3-ec37-47db-b43d-a021f564fae9",
              "parentUUID": "d2e97e99-1a38-4d70-b7c5-d9d1c3245a28",
              "isHook": false,
              "skipped": false
            }
          ],
          "suites": [],
          "passes": [
            "4c46ac9c-8312-4c1d-80f5-09005b131cb0",
            "1d1bd3a3-ec37-47db-b43d-a021f564fae9"
          ],
          "failures": [],
          "pending": [],
          "skipped": [],
          "duration": 1460,
          "root": false,
          "rootEmpty": false,
          "_timeout": 2000
        }
      ],
      "passes": [],
      "failures": [],
      "pending": [],
      "skipped": [],
      "duration": 0,
      "root": true,
      "rootEmpty": true,
      "_timeout": 2000
    }
  ],
  "meta": {
    "mocha": {
      "version": "7.0.1"
    },
    "mochawesome": {
      "options": {
        "quiet": true,
        "reportFilename": "mochawesome",
        "saveHtml": false,
        "saveJson": true,
        "consoleReporter": "spec",
        "useInlineDiffs": false,
        "code": true
      },
      "version": "7.0.1"
    },
    "marge": {
      "options": {
        "id": "default",
        "reportDir": "mochawesome-report",
        "quiet": true,
        "overwrite": false,
        "html": false,
        "json": true
      },
      "version": "6.0.1"
    }
  }
}